<?xml version="1.0" encoding="UTF-8"?>
<TestRun id="ae5c2236-848c-4fc0-9c03-63b8fc87a8e8" name="alexandre@ALEXHPNOTE 2017-01-22 17:55:16" runUser="ALEXHPNOTE\alexandre" xmlns="http://microsoft.com/schemas/VisualStudio/TeamTest/2010">
  <TestSettings name="Default Test Settings" id="d0aaee1c-2e6a-47d6-8230-74596bc16cf9">
    <Deployment userDeploymentRoot="C:\Users\alexandre\Documents\Alexandre\CEFET\APOO - Informática para Internet\trabalhos\PromoçõesDeSupermercado\TestResults" useDefaultDeploymentRoot="false" runDeploymentRoot="alexandre_ALEXHPNOTE 2017-01-22 17_55_16">
      <DeploymentItem filename="C:\Users\alexandre\Documents\Alexandre\CEFET\APOO - Informática para Internet\trabalhos\PromoçõesDeSupermercado\PromoçõesDeSupermercado\bin\Debug\PromoçõesDeSupermercado.dll" />
    </Deployment>
    <Execution>
      <TestTypeSpecific />
      <AgentRule name="Execution Agents">
      </AgentRule>
    </Execution>
  </TestSettings>
  <Times creation="2017-01-22T17:55:16.1197433-03:00" queuing="2017-01-22T17:55:16.2356368-03:00" start="2017-01-22T17:55:16.2356368-03:00" finish="2017-01-22T17:55:16.5364461-03:00" />
  <ResultSummary outcome="Failed">
    <Counters total="1" executed="1" error="0" failed="1" timeout="0" aborted="0" inconclusive="0" passedButRunAborted="0" notRunnable="0" notExecuted="0" disconnected="0" warning="0" passed="0" completed="0" inProgress="0" pending="0" />
  </ResultSummary>
  <TestDefinitions>
    <UnitTest name="TestGetTotal_2" storage="c:\users\alexandre\documents\alexandre\cefet\apoo - informática para internet\trabalhos\promoçõesdesupermercado\promoçõestest\bin\debug\promoçõestest.dll" id="1fe84d59-ca4c-35db-fa1c-384dc53d69a7">
      <Execution id="7604144a-df1d-4d5d-8d5d-c3013e75cfd1" />
      <TestMethod codeBase="C:/Users/alexandre/Documents/Alexandre/CEFET/APOO - Informática para Internet/trabalhos/PromoçõesDeSupermercado/PromoçõesTest/bin/Debug/PromoçõesTest.DLL" adapterTypeName="Microsoft.VisualStudio.TestTools.TestTypes.Unit.UnitTestAdapter, Microsoft.VisualStudio.QualityTools.Tips.UnitTest.Adapter, Version=10.0.0.0, Culture=neutral, PublicKeyToken=b03f5f7f11d50a3a" className="supermercado.VendaTest, PromoçõesTest, Version=1.0.0.0, Culture=neutral, PublicKeyToken=null" name="TestGetTotal_2" />
    </UnitTest>
  </TestDefinitions>
  <TestLists>
    <TestList name="Results Not in a List" id="8c84fa94-04c1-424b-9868-57a2d4851a1d" />
    <TestList name="All Loaded Results" id="19431567-8539-422a-85d7-44ee4e166bda" />
  </TestLists>
  <TestEntries>
    <TestEntry testId="1fe84d59-ca4c-35db-fa1c-384dc53d69a7" executionId="7604144a-df1d-4d5d-8d5d-c3013e75cfd1" testListId="8c84fa94-04c1-424b-9868-57a2d4851a1d" />
  </TestEntries>
  <Results>
    <UnitTestResult executionId="7604144a-df1d-4d5d-8d5d-c3013e75cfd1" testId="1fe84d59-ca4c-35db-fa1c-384dc53d69a7" testName="TestGetTotal_2" computerName="ALEXHPNOTE" duration="00:00:00.0309876" startTime="2017-01-22T17:55:16.2512603-03:00" endTime="2017-01-22T17:55:16.5208193-03:00" testType="13cdc9d9-ddb5-4fa4-a97d-d965ccfc6d4b" outcome="Failed" testListId="8c84fa94-04c1-424b-9868-57a2d4851a1d" relativeResultsDirectory="7604144a-df1d-4d5d-8d5d-c3013e75cfd1">
      <Output>
        <ErrorInfo>
          <Message>Assert.AreEqual failed. Expected a difference no greater than &lt;0,0001&gt; between expected value &lt;16,4&gt; and actual value &lt;18,7&gt;. </Message>
          <StackTrace>   em supermercado.VendaTest.TestGetTotal_2() na C:\Users\alexandre\Documents\Alexandre\CEFET\APOO - Informática para Internet\trabalhos\PromoçõesDeSupermercado\PromoçõesTest\VendaTest.cs:linha 44
</StackTrace>
        </ErrorInfo>
      </Output>
    </UnitTestResult>
  </Results>
</TestRun>