<?xml version="1.0" encoding="UTF-8"?>
<TestRun id="9186a662-5367-4ee9-aaa4-6949d247a4db" name="alexandre@ALEXHPNOTE 2017-01-22 17:33:45" runUser="ALEXHPNOTE\alexandre" xmlns="http://microsoft.com/schemas/VisualStudio/TeamTest/2010">
  <TestSettings name="Default Test Settings" id="426d4725-2f76-4ba6-9935-629e2a555e17">
    <Deployment runDeploymentRoot="alexandre_ALEXHPNOTE 2017-01-22 17_33_45">
      <DeploymentItem filename="C:\Users\alexandre\Documents\Alexandre\CEFET\APOO - Informática para Internet\trabalhos\PromoçõesDeSupermercado\PromoçõesDeSupermercado\bin\Debug\PromoçõesDeSupermercado.dll" />
    </Deployment>
    <Execution>
      <TestTypeSpecific />
      <AgentRule name="Execution Agents">
      </AgentRule>
    </Execution>
  </TestSettings>
  <Times creation="2017-01-22T17:33:45.7589998-03:00" queuing="2017-01-22T17:33:48.8782346-03:00" start="2017-01-22T17:33:49.0470035-03:00" finish="2017-01-22T17:33:49.7481770-03:00" />
  <ResultSummary outcome="Completed">
    <Counters total="1" executed="1" passed="1" error="0" failed="0" timeout="0" aborted="0" inconclusive="0" passedButRunAborted="0" notRunnable="0" notExecuted="0" disconnected="0" warning="0" completed="0" inProgress="0" pending="0" />
  </ResultSummary>
  <TestDefinitions>
    <UnitTest name="TestMethod1" storage="c:\users\alexandre\documents\alexandre\cefet\apoo - informática para internet\trabalhos\promoçõesdesupermercado\promoçõestest\bin\debug\promoçõestest.dll" id="d19ed181-28c6-0f4c-e434-d806af62fd26">
      <Execution id="fafae422-504c-4762-8146-884148001ddf" />
      <TestMethod codeBase="C:/Users/alexandre/Documents/Alexandre/CEFET/APOO - Informática para Internet/trabalhos/PromoçõesDeSupermercado/PromoçõesTest/bin/Debug/PromoçõesTest.DLL" adapterTypeName="Microsoft.VisualStudio.TestTools.TestTypes.Unit.UnitTestAdapter, Microsoft.VisualStudio.QualityTools.Tips.UnitTest.Adapter, Version=10.0.0.0, Culture=neutral, PublicKeyToken=b03f5f7f11d50a3a" className="supermercado.VendaTest, PromoçõesTest, Version=1.0.0.0, Culture=neutral, PublicKeyToken=null" name="TestMethod1" />
    </UnitTest>
  </TestDefinitions>
  <TestLists>
    <TestList name="Results Not in a List" id="8c84fa94-04c1-424b-9868-57a2d4851a1d" />
    <TestList name="All Loaded Results" id="19431567-8539-422a-85d7-44ee4e166bda" />
  </TestLists>
  <TestEntries>
    <TestEntry testId="d19ed181-28c6-0f4c-e434-d806af62fd26" executionId="fafae422-504c-4762-8146-884148001ddf" testListId="8c84fa94-04c1-424b-9868-57a2d4851a1d" />
  </TestEntries>
  <Results>
    <UnitTestResult executionId="fafae422-504c-4762-8146-884148001ddf" testId="d19ed181-28c6-0f4c-e434-d806af62fd26" testName="TestMethod1" computerName="ALEXHPNOTE" duration="00:00:00.0337143" startTime="2017-01-22T17:33:49.1427502-03:00" endTime="2017-01-22T17:33:49.6953032-03:00" testType="13cdc9d9-ddb5-4fa4-a97d-d965ccfc6d4b" outcome="Passed" testListId="8c84fa94-04c1-424b-9868-57a2d4851a1d" relativeResultsDirectory="fafae422-504c-4762-8146-884148001ddf">
    </UnitTestResult>
  </Results>
</TestRun>