<?xml version="1.0" encoding="UTF-8"?>
<TestRun id="25b923e8-c848-4089-8b4a-f46b9c82a802" name="alexandre@ALEXHPNOTE 2017-01-22 17:56:16" runUser="ALEXHPNOTE\alexandre" xmlns="http://microsoft.com/schemas/VisualStudio/TeamTest/2010">
  <TestSettings name="Default Test Settings" id="78bd24b6-0b4f-4a41-aa5f-06945cfaee46">
    <Deployment userDeploymentRoot="C:\Users\alexandre\Documents\Alexandre\CEFET\APOO - Informática para Internet\trabalhos\PromoçõesDeSupermercado\TestResults" useDefaultDeploymentRoot="false" runDeploymentRoot="alexandre_ALEXHPNOTE 2017-01-22 17_56_16">
      <DeploymentItem filename="C:\Users\alexandre\Documents\Alexandre\CEFET\APOO - Informática para Internet\trabalhos\PromoçõesDeSupermercado\PromoçõesDeSupermercado\bin\Debug\PromoçõesDeSupermercado.dll" />
    </Deployment>
    <Execution>
      <TestTypeSpecific />
      <AgentRule name="Execution Agents">
      </AgentRule>
    </Execution>
  </TestSettings>
  <Times creation="2017-01-22T17:56:16.6212920-03:00" queuing="2017-01-22T17:56:16.6898054-03:00" start="2017-01-22T17:56:16.6898054-03:00" finish="2017-01-22T17:56:16.9432515-03:00" />
  <ResultSummary outcome="Completed">
    <Counters total="2" executed="2" passed="2" error="0" failed="0" timeout="0" aborted="0" inconclusive="0" passedButRunAborted="0" notRunnable="0" notExecuted="0" disconnected="0" warning="0" completed="0" inProgress="0" pending="0" />
  </ResultSummary>
  <TestDefinitions>
    <UnitTest name="TestGetTotal_1" storage="c:\users\alexandre\documents\alexandre\cefet\apoo - informática para internet\trabalhos\promoçõesdesupermercado\promoçõestest\bin\debug\promoçõestest.dll" id="53b25a61-5cd0-d88b-d4e1-796a9a8a4ac4">
      <Execution id="47f33f65-af00-4cb8-b1d7-a8bdc2f11cb6" />
      <TestMethod codeBase="C:/Users/alexandre/Documents/Alexandre/CEFET/APOO - Informática para Internet/trabalhos/PromoçõesDeSupermercado/PromoçõesTest/bin/Debug/PromoçõesTest.DLL" adapterTypeName="Microsoft.VisualStudio.TestTools.TestTypes.Unit.UnitTestAdapter, Microsoft.VisualStudio.QualityTools.Tips.UnitTest.Adapter, Version=10.0.0.0, Culture=neutral, PublicKeyToken=b03f5f7f11d50a3a" className="supermercado.VendaTest, PromoçõesTest, Version=1.0.0.0, Culture=neutral, PublicKeyToken=null" name="TestGetTotal_1" />
    </UnitTest>
    <UnitTest name="TestGetTotal_2" storage="c:\users\alexandre\documents\alexandre\cefet\apoo - informática para internet\trabalhos\promoçõesdesupermercado\promoçõestest\bin\debug\promoçõestest.dll" id="1fe84d59-ca4c-35db-fa1c-384dc53d69a7">
      <Execution id="9d455a7d-351f-4741-b35c-982a82a7c1f9" />
      <TestMethod codeBase="C:/Users/alexandre/Documents/Alexandre/CEFET/APOO - Informática para Internet/trabalhos/PromoçõesDeSupermercado/PromoçõesTest/bin/Debug/PromoçõesTest.DLL" adapterTypeName="Microsoft.VisualStudio.TestTools.TestTypes.Unit.UnitTestAdapter, Microsoft.VisualStudio.QualityTools.Tips.UnitTest.Adapter, Version=10.0.0.0, Culture=neutral, PublicKeyToken=b03f5f7f11d50a3a" className="supermercado.VendaTest, PromoçõesTest, Version=1.0.0.0, Culture=neutral, PublicKeyToken=null" name="TestGetTotal_2" />
    </UnitTest>
  </TestDefinitions>
  <TestLists>
    <TestList name="Results Not in a List" id="8c84fa94-04c1-424b-9868-57a2d4851a1d" />
    <TestList name="All Loaded Results" id="19431567-8539-422a-85d7-44ee4e166bda" />
  </TestLists>
  <TestEntries>
    <TestEntry testId="53b25a61-5cd0-d88b-d4e1-796a9a8a4ac4" executionId="47f33f65-af00-4cb8-b1d7-a8bdc2f11cb6" testListId="8c84fa94-04c1-424b-9868-57a2d4851a1d" />
    <TestEntry testId="1fe84d59-ca4c-35db-fa1c-384dc53d69a7" executionId="9d455a7d-351f-4741-b35c-982a82a7c1f9" testListId="8c84fa94-04c1-424b-9868-57a2d4851a1d" />
  </TestEntries>
  <Results>
    <UnitTestResult executionId="47f33f65-af00-4cb8-b1d7-a8bdc2f11cb6" testId="53b25a61-5cd0-d88b-d4e1-796a9a8a4ac4" testName="TestGetTotal_1" computerName="ALEXHPNOTE" duration="00:00:00.0137174" startTime="2017-01-22T17:56:16.7054252-03:00" endTime="2017-01-22T17:56:16.9275976-03:00" testType="13cdc9d9-ddb5-4fa4-a97d-d965ccfc6d4b" outcome="Passed" testListId="8c84fa94-04c1-424b-9868-57a2d4851a1d" relativeResultsDirectory="47f33f65-af00-4cb8-b1d7-a8bdc2f11cb6">
    </UnitTestResult>
    <UnitTestResult executionId="9d455a7d-351f-4741-b35c-982a82a7c1f9" testId="1fe84d59-ca4c-35db-fa1c-384dc53d69a7" testName="TestGetTotal_2" computerName="ALEXHPNOTE" duration="00:00:00.0003501" startTime="2017-01-22T17:56:16.9275976-03:00" endTime="2017-01-22T17:56:16.9275976-03:00" testType="13cdc9d9-ddb5-4fa4-a97d-d965ccfc6d4b" outcome="Passed" testListId="8c84fa94-04c1-424b-9868-57a2d4851a1d" relativeResultsDirectory="9d455a7d-351f-4741-b35c-982a82a7c1f9">
    </UnitTestResult>
  </Results>
</TestRun>