<?xml version="1.0" encoding="UTF-8"?>
<TestRun id="5c4d3ca0-9489-4b00-9ffc-f9001530d19d" name="alexandre@ALEXHPNOTE 2017-01-22 17:56:40" runUser="ALEXHPNOTE\alexandre" xmlns="http://microsoft.com/schemas/VisualStudio/TeamTest/2010">
  <TestSettings name="Default Test Settings" id="aa57f8b0-ac20-4ebd-bc9a-a337ee79d128">
    <Deployment runDeploymentRoot="alexandre_ALEXHPNOTE 2017-01-22 17_56_40">
      <DeploymentItem filename="C:\Users\alexandre\Documents\Alexandre\CEFET\APOO - Informática para Internet\trabalhos\PromoçõesDeSupermercado\PromoçõesDeSupermercado\bin\Debug\PromoçõesDeSupermercado.dll" />
    </Deployment>
    <Execution>
      <TestTypeSpecific />
      <AgentRule name="Execution Agents">
      </AgentRule>
    </Execution>
  </TestSettings>
  <Times creation="2017-01-22T17:56:40.0359677-03:00" queuing="2017-01-22T17:56:40.1301814-03:00" start="2017-01-22T17:56:40.1366912-03:00" finish="2017-01-22T17:56:40.4995896-03:00" />
  <ResultSummary outcome="Completed">
    <Counters total="3" executed="3" passed="3" error="0" failed="0" timeout="0" aborted="0" inconclusive="0" passedButRunAborted="0" notRunnable="0" notExecuted="0" disconnected="0" warning="0" completed="0" inProgress="0" pending="0" />
  </ResultSummary>
  <TestDefinitions>
    <UnitTest name="TestGetTotal_1" storage="c:\users\alexandre\documents\alexandre\cefet\apoo - informática para internet\trabalhos\promoçõesdesupermercado\promoçõestest\bin\debug\promoçõestest.dll" id="53b25a61-5cd0-d88b-d4e1-796a9a8a4ac4">
      <Execution id="6a71ca5b-eaaa-48c4-89bf-14069ff0e033" />
      <TestMethod codeBase="C:/Users/alexandre/Documents/Alexandre/CEFET/APOO - Informática para Internet/trabalhos/PromoçõesDeSupermercado/PromoçõesTest/bin/Debug/PromoçõesTest.DLL" adapterTypeName="Microsoft.VisualStudio.TestTools.TestTypes.Unit.UnitTestAdapter, Microsoft.VisualStudio.QualityTools.Tips.UnitTest.Adapter, Version=10.0.0.0, Culture=neutral, PublicKeyToken=b03f5f7f11d50a3a" className="supermercado.VendaTest, PromoçõesTest, Version=1.0.0.0, Culture=neutral, PublicKeyToken=null" name="TestGetTotal_1" />
    </UnitTest>
    <UnitTest name="TestAbrirVenda_1" storage="c:\users\alexandre\documents\alexandre\cefet\apoo - informática para internet\trabalhos\promoçõesdesupermercado\promoçõestest\bin\debug\promoçõestest.dll" id="6bbfdeea-bde6-a686-be99-da0c8ae39ed6">
      <Execution id="4088841d-655d-4769-800d-0f8f188091ef" />
      <TestMethod codeBase="C:/Users/alexandre/Documents/Alexandre/CEFET/APOO - Informática para Internet/trabalhos/PromoçõesDeSupermercado/PromoçõesTest/bin/Debug/PromoçõesTest.DLL" adapterTypeName="Microsoft.VisualStudio.TestTools.TestTypes.Unit.UnitTestAdapter, Microsoft.VisualStudio.QualityTools.Tips.UnitTest.Adapter, Version=10.0.0.0, Culture=neutral, PublicKeyToken=b03f5f7f11d50a3a" className="supermercado.CaixaTest, PromoçõesTest, Version=1.0.0.0, Culture=neutral, PublicKeyToken=null" name="TestAbrirVenda_1" />
    </UnitTest>
    <UnitTest name="TestGetTotal_2" storage="c:\users\alexandre\documents\alexandre\cefet\apoo - informática para internet\trabalhos\promoçõesdesupermercado\promoçõestest\bin\debug\promoçõestest.dll" id="1fe84d59-ca4c-35db-fa1c-384dc53d69a7">
      <Execution id="2ac33c0a-ff16-472e-9b85-099d76bbf451" />
      <TestMethod codeBase="C:/Users/alexandre/Documents/Alexandre/CEFET/APOO - Informática para Internet/trabalhos/PromoçõesDeSupermercado/PromoçõesTest/bin/Debug/PromoçõesTest.DLL" adapterTypeName="Microsoft.VisualStudio.TestTools.TestTypes.Unit.UnitTestAdapter, Microsoft.VisualStudio.QualityTools.Tips.UnitTest.Adapter, Version=10.0.0.0, Culture=neutral, PublicKeyToken=b03f5f7f11d50a3a" className="supermercado.VendaTest, PromoçõesTest, Version=1.0.0.0, Culture=neutral, PublicKeyToken=null" name="TestGetTotal_2" />
    </UnitTest>
  </TestDefinitions>
  <TestLists>
    <TestList name="Results Not in a List" id="8c84fa94-04c1-424b-9868-57a2d4851a1d" />
    <TestList name="All Loaded Results" id="19431567-8539-422a-85d7-44ee4e166bda" />
  </TestLists>
  <TestEntries>
    <TestEntry testId="1fe84d59-ca4c-35db-fa1c-384dc53d69a7" executionId="2ac33c0a-ff16-472e-9b85-099d76bbf451" testListId="8c84fa94-04c1-424b-9868-57a2d4851a1d" />
    <TestEntry testId="53b25a61-5cd0-d88b-d4e1-796a9a8a4ac4" executionId="6a71ca5b-eaaa-48c4-89bf-14069ff0e033" testListId="8c84fa94-04c1-424b-9868-57a2d4851a1d" />
    <TestEntry testId="6bbfdeea-bde6-a686-be99-da0c8ae39ed6" executionId="4088841d-655d-4769-800d-0f8f188091ef" testListId="8c84fa94-04c1-424b-9868-57a2d4851a1d" />
  </TestEntries>
  <Results>
    <UnitTestResult executionId="2ac33c0a-ff16-472e-9b85-099d76bbf451" testId="1fe84d59-ca4c-35db-fa1c-384dc53d69a7" testName="TestGetTotal_2" computerName="ALEXHPNOTE" duration="00:00:00.0155032" startTime="2017-01-22T17:56:40.1366912-03:00" endTime="2017-01-22T17:56:40.3841079-03:00" testType="13cdc9d9-ddb5-4fa4-a97d-d965ccfc6d4b" outcome="Passed" testListId="8c84fa94-04c1-424b-9868-57a2d4851a1d" relativeResultsDirectory="2ac33c0a-ff16-472e-9b85-099d76bbf451">
    </UnitTestResult>
    <UnitTestResult executionId="6a71ca5b-eaaa-48c4-89bf-14069ff0e033" testId="53b25a61-5cd0-d88b-d4e1-796a9a8a4ac4" testName="TestGetTotal_1" computerName="ALEXHPNOTE" duration="00:00:00.0003321" startTime="2017-01-22T17:56:40.3841079-03:00" endTime="2017-01-22T17:56:40.3841079-03:00" testType="13cdc9d9-ddb5-4fa4-a97d-d965ccfc6d4b" outcome="Passed" testListId="8c84fa94-04c1-424b-9868-57a2d4851a1d" relativeResultsDirectory="6a71ca5b-eaaa-48c4-89bf-14069ff0e033">
    </UnitTestResult>
    <UnitTestResult executionId="4088841d-655d-4769-800d-0f8f188091ef" testId="6bbfdeea-bde6-a686-be99-da0c8ae39ed6" testName="TestAbrirVenda_1" computerName="ALEXHPNOTE" duration="00:00:00.0025612" startTime="2017-01-22T17:56:40.3841079-03:00" endTime="2017-01-22T17:56:40.3997335-03:00" testType="13cdc9d9-ddb5-4fa4-a97d-d965ccfc6d4b" outcome="Passed" testListId="8c84fa94-04c1-424b-9868-57a2d4851a1d" relativeResultsDirectory="4088841d-655d-4769-800d-0f8f188091ef">
    </UnitTestResult>
  </Results>
</TestRun>