<?xml version="1.0" encoding="UTF-8"?>
<TestRun id="20d87b14-b549-4d50-989e-372e0039d69a" name="alexandre@ALEXHPNOTE 2017-01-22 17:53:59" runUser="ALEXHPNOTE\alexandre" xmlns="http://microsoft.com/schemas/VisualStudio/TeamTest/2010">
  <TestSettings name="Default Test Settings" id="6b79dd98-643a-4522-a05d-5d3c7bd585f0">
    <Deployment runDeploymentRoot="alexandre_ALEXHPNOTE 2017-01-22 17_53_59">
      <DeploymentItem filename="C:\Users\alexandre\Documents\Alexandre\CEFET\APOO - Informática para Internet\trabalhos\PromoçõesDeSupermercado\PromoçõesDeSupermercado\bin\Debug\PromoçõesDeSupermercado.dll" />
    </Deployment>
    <Execution>
      <TestTypeSpecific />
      <AgentRule name="Execution Agents">
      </AgentRule>
    </Execution>
  </TestSettings>
  <Times creation="2017-01-22T17:53:59.0997053-03:00" queuing="2017-01-22T17:53:59.2156107-03:00" start="2017-01-22T17:53:59.2312310-03:00" finish="2017-01-22T17:53:59.5004229-03:00" />
  <ResultSummary outcome="Completed">
    <Counters total="1" executed="1" passed="1" error="0" failed="0" timeout="0" aborted="0" inconclusive="0" passedButRunAborted="0" notRunnable="0" notExecuted="0" disconnected="0" warning="0" completed="0" inProgress="0" pending="0" />
  </ResultSummary>
  <TestDefinitions>
    <UnitTest name="TestGetTotal_1" storage="c:\users\alexandre\documents\alexandre\cefet\apoo - informática para internet\trabalhos\promoçõesdesupermercado\promoçõestest\bin\debug\promoçõestest.dll" id="53b25a61-5cd0-d88b-d4e1-796a9a8a4ac4">
      <Execution id="0f4ec9e2-53e0-4757-828f-c2ab20fadc5a" />
      <TestMethod codeBase="C:/Users/alexandre/Documents/Alexandre/CEFET/APOO - Informática para Internet/trabalhos/PromoçõesDeSupermercado/PromoçõesTest/bin/Debug/PromoçõesTest.DLL" adapterTypeName="Microsoft.VisualStudio.TestTools.TestTypes.Unit.UnitTestAdapter, Microsoft.VisualStudio.QualityTools.Tips.UnitTest.Adapter, Version=10.0.0.0, Culture=neutral, PublicKeyToken=b03f5f7f11d50a3a" className="supermercado.VendaTest, PromoçõesTest, Version=1.0.0.0, Culture=neutral, PublicKeyToken=null" name="TestGetTotal_1" />
    </UnitTest>
  </TestDefinitions>
  <TestLists>
    <TestList name="Results Not in a List" id="8c84fa94-04c1-424b-9868-57a2d4851a1d" />
    <TestList name="All Loaded Results" id="19431567-8539-422a-85d7-44ee4e166bda" />
  </TestLists>
  <TestEntries>
    <TestEntry testId="53b25a61-5cd0-d88b-d4e1-796a9a8a4ac4" executionId="0f4ec9e2-53e0-4757-828f-c2ab20fadc5a" testListId="8c84fa94-04c1-424b-9868-57a2d4851a1d" />
  </TestEntries>
  <Results>
    <UnitTestResult executionId="0f4ec9e2-53e0-4757-828f-c2ab20fadc5a" testId="53b25a61-5cd0-d88b-d4e1-796a9a8a4ac4" testName="TestGetTotal_1" computerName="ALEXHPNOTE" duration="00:00:00.0160143" startTime="2017-01-22T17:53:59.2312310-03:00" endTime="2017-01-22T17:53:59.4782876-03:00" testType="13cdc9d9-ddb5-4fa4-a97d-d965ccfc6d4b" outcome="Passed" testListId="8c84fa94-04c1-424b-9868-57a2d4851a1d" relativeResultsDirectory="0f4ec9e2-53e0-4757-828f-c2ab20fadc5a">
    </UnitTestResult>
  </Results>
</TestRun>